#-----------------------------------------------------------
# Vivado v2020.2 (64-bit)
# SW Build 3064766 on Wed Nov 18 09:12:45 MST 2020
# IP Build 3064653 on Wed Nov 18 14:17:31 MST 2020
# Start of session at: Sat Apr 24 23:25:56 2021
# Process ID: 5896
# Current directory: C:/Users/Dom/Documents/Vivado_Projects/RS232
# Command line: vivado.exe -gui_launcher_event rodinguilauncherevent8016 C:\Users\Dom\Documents\Vivado_Projects\RS232\RS232.xpr
# Log file: C:/Users/Dom/Documents/Vivado_Projects/RS232/vivado.log
# Journal file: C:/Users/Dom/Documents/Vivado_Projects/RS232\vivado.jou
#-----------------------------------------------------------
start_gui
open_project C:/Users/Dom/Documents/Vivado_Projects/RS232/RS232.xpr
WARNING: [filemgmt 56-3] Default IP Output Path : Could not find the directory 'C:/Users/Dom/Documents/Vivado_Projects/RS232/RS232.gen/sources_1'.
Scanning sources...
Finished scanning sources
WARNING: [Project 1-509] GeneratedRun file for 'synth_1' not found
INFO: [IP_Flow 19-234] Refreshing IP repositories
INFO: [IP_Flow 19-1704] No user IP repositories specified
INFO: [IP_Flow 19-2313] Loaded Vivado IP repository 'C:/Xilinx/Vivado/2020.2/data/ip'.
open_project: Time (s): cpu = 00:00:17 ; elapsed = 00:00:07 . Memory (MB): peak = 1177.660 ; gain = 0.000
update_compile_order -fileset sources_1
launch_simulation
Command: launch_simulation 
INFO: [Vivado 12-5682] Launching behavioral simulation in 'C:/Users/Dom/Documents/Vivado_Projects/RS232/RS232.sim/sim_1/behav/xsim'
INFO: [SIM-utils-51] Simulation object is 'sim_1'
INFO: [SIM-utils-54] Inspecting design source files for 'SERIAL_RX_TB' in fileset 'sim_1'...
INFO: [USF-XSim-97] Finding global include files...
INFO: [USF-XSim-98] Fetching design files from 'sim_1'...
INFO: [USF-XSim-2] XSim::Compile design
INFO: [USF-XSim-61] Executing 'COMPILE and ANALYZE' step in 'C:/Users/Dom/Documents/Vivado_Projects/RS232/RS232.sim/sim_1/behav/xsim'
"xvhdl --incr --relax -prj SERIAL_RX_TB_vhdl.prj"
INFO: [VRFC 10-163] Analyzing VHDL file "C:/Users/Dom/Documents/Vivado_Projects/RS232/RS232.srcs/sources_1/new/serial_rx.vhd" into library xil_defaultlib
INFO: [VRFC 10-3107] analyzing entity 'SERIAL_RX'
INFO: [VRFC 10-163] Analyzing VHDL file "C:/Users/Dom/Documents/Vivado_Projects/RS232/RS232.srcs/sim_1/new/serial_rx_tb.vhd" into library xil_defaultlib
INFO: [VRFC 10-3107] analyzing entity 'SERIAL_RX_TB'
INFO: [USF-XSim-69] 'compile' step finished in '3' seconds
INFO: [USF-XSim-3] XSim::Elaborate design
INFO: [USF-XSim-61] Executing 'ELABORATE' step in 'C:/Users/Dom/Documents/Vivado_Projects/RS232/RS232.sim/sim_1/behav/xsim'
"xelab -wto 53ef2f00c98645bbbc1e77af3e6f3800 --incr --debug typical --relax --mt 2 -L xil_defaultlib -L secureip --snapshot SERIAL_RX_TB_behav xil_defaultlib.SERIAL_RX_TB -log elaborate.log"
Vivado Simulator 2020.2
Copyright 1986-1999, 2001-2020 Xilinx, Inc. All Rights Reserved.
Running: C:/Xilinx/Vivado/2020.2/bin/unwrapped/win64.o/xelab.exe -wto 53ef2f00c98645bbbc1e77af3e6f3800 --incr --debug typical --relax --mt 2 -L xil_defaultlib -L secureip --snapshot SERIAL_RX_TB_behav xil_defaultlib.SERIAL_RX_TB -log elaborate.log 
Using 2 slave threads.
Starting static elaboration
Completed static elaboration
Starting simulation data flow analysis
Completed simulation data flow analysis
Time Resolution for simulation is 1ps
Compiling package std.standard
Compiling package std.textio
Compiling package ieee.std_logic_1164
Compiling package ieee.std_logic_arith
Compiling package ieee.std_logic_unsigned
Compiling package synopsys.attributes
Compiling package ieee.std_logic_misc
Compiling architecture behavioral of entity xil_defaultlib.SERIAL_RX [\SERIAL_RX(baudrate=5000000,data...]
Compiling architecture behavioural of entity xil_defaultlib.serial_rx_tb
Built simulation snapshot SERIAL_RX_TB_behav

****** Webtalk v2020.2 (64-bit)
  **** SW Build 3064766 on Wed Nov 18 09:12:45 MST 2020
  **** IP Build 3064653 on Wed Nov 18 14:17:31 MST 2020
    ** Copyright 1986-2020 Xilinx, Inc. All Rights Reserved.

source C:/Users/Dom/Documents/Vivado_Projects/RS232/RS232.sim/sim_1/behav/xsim/xsim.dir/SERIAL_RX_TB_behav/webtalk/xsim_webtalk.tcl -notrace
INFO: [Common 17-186] 'C:/Users/Dom/Documents/Vivado_Projects/RS232/RS232.sim/sim_1/behav/xsim/xsim.dir/SERIAL_RX_TB_behav/webtalk/usage_statistics_ext_xsim.xml' has been successfully sent to Xilinx on Sat Apr 24 23:27:18 2021. For additional details about this file, please refer to the WebTalk help file at C:/Xilinx/Vivado/2020.2/doc/webtalk_introduction.html.
webtalk_transmit: Time (s): cpu = 00:00:00 ; elapsed = 00:00:06 . Memory (MB): peak = 92.047 ; gain = 0.000
INFO: [Common 17-206] Exiting Webtalk at Sat Apr 24 23:27:18 2021...
run_program: Time (s): cpu = 00:00:02 ; elapsed = 00:00:14 . Memory (MB): peak = 1177.660 ; gain = 0.000
INFO: [USF-XSim-69] 'elaborate' step finished in '14' seconds
INFO: [USF-XSim-4] XSim::Simulate design
INFO: [USF-XSim-61] Executing 'SIMULATE' step in 'C:/Users/Dom/Documents/Vivado_Projects/RS232/RS232.sim/sim_1/behav/xsim'
INFO: [USF-XSim-98] *** Running xsim
   with args "SERIAL_RX_TB_behav -key {Behavioral:sim_1:Functional:SERIAL_RX_TB} -tclbatch {SERIAL_RX_TB.tcl} -log {simulate.log}"
INFO: [USF-XSim-8] Loading simulator feature
Vivado Simulator 2020.2
Time resolution is 1 ps
source SERIAL_RX_TB.tcl
# set curr_wave [current_wave_config]
# if { [string length $curr_wave] == 0 } {
#   if { [llength [get_objects]] > 0} {
#     add_wave /
#     set_property needs_save false [current_wave_config]
#   } else {
#      send_msg_id Add_Wave-1 WARNING "No top level signals found. Simulator will start without a wave window. If you want to open a wave window go to 'File->New Waveform Configuration' or type 'create_wave_config' in the TCL console."
#   }
# }
# run 1000ns
xsim: Time (s): cpu = 00:00:15 ; elapsed = 00:00:07 . Memory (MB): peak = 1177.660 ; gain = 0.000
INFO: [USF-XSim-96] XSim completed. Design snapshot 'SERIAL_RX_TB_behav' loaded.
INFO: [USF-XSim-97] XSim simulation ran for 1000ns
launch_simulation: Time (s): cpu = 00:00:20 ; elapsed = 00:00:25 . Memory (MB): peak = 1177.660 ; gain = 0.000
run all
close_sim
INFO: [Simtcl 6-16] Simulation closed
close_sim: Time (s): cpu = 00:00:07 ; elapsed = 00:00:11 . Memory (MB): peak = 1177.660 ; gain = 0.000
launch_simulation
Command: launch_simulation 
INFO: [Vivado 12-5682] Launching behavioral simulation in 'C:/Users/Dom/Documents/Vivado_Projects/RS232/RS232.sim/sim_1/behav/xsim'
INFO: [SIM-utils-51] Simulation object is 'sim_1'
INFO: [SIM-utils-54] Inspecting design source files for 'SERIAL_RX_TB' in fileset 'sim_1'...
INFO: [USF-XSim-97] Finding global include files...
INFO: [USF-XSim-98] Fetching design files from 'sim_1'...
INFO: [USF-XSim-2] XSim::Compile design
INFO: [USF-XSim-61] Executing 'COMPILE and ANALYZE' step in 'C:/Users/Dom/Documents/Vivado_Projects/RS232/RS232.sim/sim_1/behav/xsim'
"xvhdl --incr --relax -prj SERIAL_RX_TB_vhdl.prj"
INFO: [VRFC 10-163] Analyzing VHDL file "C:/Users/Dom/Documents/Vivado_Projects/RS232/RS232.srcs/sources_1/new/serial_rx.vhd" into library xil_defaultlib
INFO: [VRFC 10-3107] analyzing entity 'SERIAL_RX'
INFO: [VRFC 10-163] Analyzing VHDL file "C:/Users/Dom/Documents/Vivado_Projects/RS232/RS232.srcs/sim_1/new/serial_rx_tb.vhd" into library xil_defaultlib
INFO: [VRFC 10-3107] analyzing entity 'SERIAL_RX_TB'
INFO: [USF-XSim-69] 'compile' step finished in '3' seconds
INFO: [USF-XSim-3] XSim::Elaborate design
INFO: [USF-XSim-61] Executing 'ELABORATE' step in 'C:/Users/Dom/Documents/Vivado_Projects/RS232/RS232.sim/sim_1/behav/xsim'
"xelab -wto 53ef2f00c98645bbbc1e77af3e6f3800 --incr --debug typical --relax --mt 2 -L xil_defaultlib -L secureip --snapshot SERIAL_RX_TB_behav xil_defaultlib.SERIAL_RX_TB -log elaborate.log"
Vivado Simulator 2020.2
Copyright 1986-1999, 2001-2020 Xilinx, Inc. All Rights Reserved.
Running: C:/Xilinx/Vivado/2020.2/bin/unwrapped/win64.o/xelab.exe -wto 53ef2f00c98645bbbc1e77af3e6f3800 --incr --debug typical --relax --mt 2 -L xil_defaultlib -L secureip --snapshot SERIAL_RX_TB_behav xil_defaultlib.SERIAL_RX_TB -log elaborate.log 
Using 2 slave threads.
Starting static elaboration
Completed static elaboration
Starting simulation data flow analysis
Completed simulation data flow analysis
Time Resolution for simulation is 1ps
Compiling package std.standard
Compiling package std.textio
Compiling package ieee.std_logic_1164
Compiling package ieee.std_logic_arith
Compiling package ieee.std_logic_unsigned
Compiling package synopsys.attributes
Compiling package ieee.std_logic_misc
Compiling architecture behavioral of entity xil_defaultlib.SERIAL_RX [\SERIAL_RX(baudrate=5000000,data...]
Compiling architecture behavioural of entity xil_defaultlib.serial_rx_tb
Built simulation snapshot SERIAL_RX_TB_behav
INFO: [USF-XSim-69] 'elaborate' step finished in '4' seconds
INFO: [USF-XSim-4] XSim::Simulate design
INFO: [USF-XSim-61] Executing 'SIMULATE' step in 'C:/Users/Dom/Documents/Vivado_Projects/RS232/RS232.sim/sim_1/behav/xsim'
INFO: [USF-XSim-98] *** Running xsim
   with args "SERIAL_RX_TB_behav -key {Behavioral:sim_1:Functional:SERIAL_RX_TB} -tclbatch {SERIAL_RX_TB.tcl} -log {simulate.log}"
INFO: [USF-XSim-8] Loading simulator feature
Vivado Simulator 2020.2
Time resolution is 1 ps
source SERIAL_RX_TB.tcl
# set curr_wave [current_wave_config]
# if { [string length $curr_wave] == 0 } {
#   if { [llength [get_objects]] > 0} {
#     add_wave /
#     set_property needs_save false [current_wave_config]
#   } else {
#      send_msg_id Add_Wave-1 WARNING "No top level signals found. Simulator will start without a wave window. If you want to open a wave window go to 'File->New Waveform Configuration' or type 'create_wave_config' in the TCL console."
#   }
# }
# run 1000ns
xsim: Time (s): cpu = 00:00:12 ; elapsed = 00:00:05 . Memory (MB): peak = 1177.660 ; gain = 0.000
INFO: [USF-XSim-96] XSim completed. Design snapshot 'SERIAL_RX_TB_behav' loaded.
INFO: [USF-XSim-97] XSim simulation ran for 1000ns
launch_simulation: Time (s): cpu = 00:00:13 ; elapsed = 00:00:12 . Memory (MB): peak = 1177.660 ; gain = 0.000
close_sim
INFO: [Simtcl 6-16] Simulation closed
launch_simulation
Command: launch_simulation 
INFO: [Vivado 12-5682] Launching behavioral simulation in 'C:/Users/Dom/Documents/Vivado_Projects/RS232/RS232.sim/sim_1/behav/xsim'
INFO: [SIM-utils-51] Simulation object is 'sim_1'
INFO: [SIM-utils-54] Inspecting design source files for 'SERIAL_RX_TB' in fileset 'sim_1'...
INFO: [USF-XSim-97] Finding global include files...
INFO: [USF-XSim-98] Fetching design files from 'sim_1'...
INFO: [USF-XSim-2] XSim::Compile design
INFO: [USF-XSim-61] Executing 'COMPILE and ANALYZE' step in 'C:/Users/Dom/Documents/Vivado_Projects/RS232/RS232.sim/sim_1/behav/xsim'
"xvhdl --incr --relax -prj SERIAL_RX_TB_vhdl.prj"
INFO: [VRFC 10-163] Analyzing VHDL file "C:/Users/Dom/Documents/Vivado_Projects/RS232/RS232.srcs/sources_1/new/serial_rx.vhd" into library xil_defaultlib
INFO: [VRFC 10-3107] analyzing entity 'SERIAL_RX'
INFO: [VRFC 10-163] Analyzing VHDL file "C:/Users/Dom/Documents/Vivado_Projects/RS232/RS232.srcs/sim_1/new/serial_rx_tb.vhd" into library xil_defaultlib
INFO: [VRFC 10-3107] analyzing entity 'SERIAL_RX_TB'
INFO: [USF-XSim-69] 'compile' step finished in '4' seconds
INFO: [USF-XSim-3] XSim::Elaborate design
INFO: [USF-XSim-61] Executing 'ELABORATE' step in 'C:/Users/Dom/Documents/Vivado_Projects/RS232/RS232.sim/sim_1/behav/xsim'
"xelab -wto 53ef2f00c98645bbbc1e77af3e6f3800 --incr --debug typical --relax --mt 2 -L xil_defaultlib -L secureip --snapshot SERIAL_RX_TB_behav xil_defaultlib.SERIAL_RX_TB -log elaborate.log"
Vivado Simulator 2020.2
Copyright 1986-1999, 2001-2020 Xilinx, Inc. All Rights Reserved.
Running: C:/Xilinx/Vivado/2020.2/bin/unwrapped/win64.o/xelab.exe -wto 53ef2f00c98645bbbc1e77af3e6f3800 --incr --debug typical --relax --mt 2 -L xil_defaultlib -L secureip --snapshot SERIAL_RX_TB_behav xil_defaultlib.SERIAL_RX_TB -log elaborate.log 
Using 2 slave threads.
Starting static elaboration
Completed static elaboration
Starting simulation data flow analysis
Completed simulation data flow analysis
Time Resolution for simulation is 1ps
Compiling package std.standard
Compiling package std.textio
Compiling package ieee.std_logic_1164
Compiling package ieee.std_logic_arith
Compiling package ieee.std_logic_unsigned
Compiling package synopsys.attributes
Compiling package ieee.std_logic_misc
Compiling architecture behavioral of entity xil_defaultlib.SERIAL_RX [\SERIAL_RX(baudrate=5000000,data...]
Compiling architecture behavioural of entity xil_defaultlib.serial_rx_tb
Built simulation snapshot SERIAL_RX_TB_behav
run_program: Time (s): cpu = 00:00:00 ; elapsed = 00:00:05 . Memory (MB): peak = 1177.660 ; gain = 0.000
INFO: [USF-XSim-69] 'elaborate' step finished in '6' seconds
INFO: [USF-XSim-4] XSim::Simulate design
INFO: [USF-XSim-61] Executing 'SIMULATE' step in 'C:/Users/Dom/Documents/Vivado_Projects/RS232/RS232.sim/sim_1/behav/xsim'
INFO: [USF-XSim-98] *** Running xsim
   with args "SERIAL_RX_TB_behav -key {Behavioral:sim_1:Functional:SERIAL_RX_TB} -tclbatch {SERIAL_RX_TB.tcl} -log {simulate.log}"
INFO: [USF-XSim-8] Loading simulator feature
Vivado Simulator 2020.2
Time resolution is 1 ps
source SERIAL_RX_TB.tcl
# set curr_wave [current_wave_config]
# if { [string length $curr_wave] == 0 } {
#   if { [llength [get_objects]] > 0} {
#     add_wave /
#     set_property needs_save false [current_wave_config]
#   } else {
#      send_msg_id Add_Wave-1 WARNING "No top level signals found. Simulator will start without a wave window. If you want to open a wave window go to 'File->New Waveform Configuration' or type 'create_wave_config' in the TCL console."
#   }
# }
# run 1000ns
xsim: Time (s): cpu = 00:00:10 ; elapsed = 00:00:06 . Memory (MB): peak = 1177.660 ; gain = 0.000
INFO: [USF-XSim-96] XSim completed. Design snapshot 'SERIAL_RX_TB_behav' loaded.
INFO: [USF-XSim-97] XSim simulation ran for 1000ns
launch_simulation: Time (s): cpu = 00:00:12 ; elapsed = 00:00:17 . Memory (MB): peak = 1177.660 ; gain = 0.000
run 1000 ns
run 1000 ns
run 1000 ns
run all
